Performing C SOURCE FILE Test HAS_ACCEPTABLE_FORTIFY failed with the following output:
Change Dir: /Users/a/Documents/projects/neovim-src/build/CMakeFiles/CMakeTmp

Run Build Command:"/usr/local/bin/ninja" "cmTC_056dd"
[1/2] Building C object CMakeFiles/cmTC_056dd.dir/src.c.o
FAILED: CMakeFiles/cmTC_056dd.dir/src.c.o 
/Library/Developer/CommandLineTools/usr/bin/cc   -Wconversion -DHAS_ACCEPTABLE_FORTIFY -O2 -DNDEBUG -DMIN_LOG_LEVEL=3 -o CMakeFiles/cmTC_056dd.dir/src.c.o   -c src.c
src.c:5:2: error: "_FORTIFY_SOURCE > 1"
#error "_FORTIFY_SOURCE > 1"
 ^
1 error generated.
ninja: build stopped: subcommand failed.

Source file was:

#include <string.h>

#if defined(_FORTIFY_SOURCE) && _FORTIFY_SOURCE > 1
#error "_FORTIFY_SOURCE > 1"
#endif
int
main(void)
{
  return 0;
}

Determining if the function kstat_lookup exists in the kstat failed with the following output:
Change Dir: /Users/a/Documents/projects/neovim-src/build/CMakeFiles/CMakeTmp

Run Build Command:"/usr/local/bin/ninja" "cmTC_613d6"
[1/2] Building C object CMakeFiles/cmTC_613d6.dir/CheckFunctionExists.c.o
[2/2] Linking C executable cmTC_613d6
FAILED: cmTC_613d6 
: && /Library/Developer/CommandLineTools/usr/bin/cc -Wconversion -U_FORTIFY_SOURCE -D_FORTIFY_SOURCE=1 -DCHECK_FUNCTION_EXISTS=kstat_lookup -O2 -DNDEBUG -DMIN_LOG_LEVEL=3 -Wl,-search_paths_first -Wl,-headerpad_max_install_names  CMakeFiles/cmTC_613d6.dir/CheckFunctionExists.c.o  -o cmTC_613d6 -L/Users/a/Documents/projects/neovim-src/build/CMakeFiles/CMakeTmp/kstat.h -Wl,-rpath,/Users/a/Documents/projects/neovim-src/build/CMakeFiles/CMakeTmp/kstat.h -lkstat && :
ld: warning: directory not found for option '-L/Users/a/Documents/projects/neovim-src/build/CMakeFiles/CMakeTmp/kstat.h'
ld: library not found for -lkstat
clang: error: linker command failed with exit code 1 (use -v to see invocation)
ninja: build stopped: subcommand failed.


Determining if the function kvm_open exists in the kvm failed with the following output:
Change Dir: /Users/a/Documents/projects/neovim-src/build/CMakeFiles/CMakeTmp

Run Build Command:"/usr/local/bin/ninja" "cmTC_8b2d0"
[1/2] Building C object CMakeFiles/cmTC_8b2d0.dir/CheckFunctionExists.c.o
[2/2] Linking C executable cmTC_8b2d0
FAILED: cmTC_8b2d0 
: && /Library/Developer/CommandLineTools/usr/bin/cc -Wconversion -U_FORTIFY_SOURCE -D_FORTIFY_SOURCE=1 -DCHECK_FUNCTION_EXISTS=kvm_open -O2 -DNDEBUG -DMIN_LOG_LEVEL=3 -Wl,-search_paths_first -Wl,-headerpad_max_install_names  CMakeFiles/cmTC_8b2d0.dir/CheckFunctionExists.c.o  -o cmTC_8b2d0 -L/Users/a/Documents/projects/neovim-src/build/CMakeFiles/CMakeTmp/kvm.h -Wl,-rpath,/Users/a/Documents/projects/neovim-src/build/CMakeFiles/CMakeTmp/kvm.h -lkvm && :
ld: warning: directory not found for option '-L/Users/a/Documents/projects/neovim-src/build/CMakeFiles/CMakeTmp/kvm.h'
ld: library not found for -lkvm
clang: error: linker command failed with exit code 1 (use -v to see invocation)
ninja: build stopped: subcommand failed.


Determining if the function gethostbyname exists in the nsl failed with the following output:
Change Dir: /Users/a/Documents/projects/neovim-src/build/CMakeFiles/CMakeTmp

Run Build Command:"/usr/local/bin/ninja" "cmTC_c3692"
[1/2] Building C object CMakeFiles/cmTC_c3692.dir/CheckFunctionExists.c.o
[2/2] Linking C executable cmTC_c3692
FAILED: cmTC_c3692 
: && /Library/Developer/CommandLineTools/usr/bin/cc -Wconversion -U_FORTIFY_SOURCE -D_FORTIFY_SOURCE=1 -DCHECK_FUNCTION_EXISTS=gethostbyname -O2 -DNDEBUG -DMIN_LOG_LEVEL=3 -Wl,-search_paths_first -Wl,-headerpad_max_install_names  CMakeFiles/cmTC_c3692.dir/CheckFunctionExists.c.o  -o cmTC_c3692 -L/Users/a/Documents/projects/neovim-src/build/CMakeFiles/CMakeTmp/nsl.h -Wl,-rpath,/Users/a/Documents/projects/neovim-src/build/CMakeFiles/CMakeTmp/nsl.h -lnsl && :
ld: warning: directory not found for option '-L/Users/a/Documents/projects/neovim-src/build/CMakeFiles/CMakeTmp/nsl.h'
ld: library not found for -lnsl
clang: error: linker command failed with exit code 1 (use -v to see invocation)
ninja: build stopped: subcommand failed.


Determining if the function perfstat_cpu exists in the perfstat failed with the following output:
Change Dir: /Users/a/Documents/projects/neovim-src/build/CMakeFiles/CMakeTmp

Run Build Command:"/usr/local/bin/ninja" "cmTC_a5fe0"
[1/2] Building C object CMakeFiles/cmTC_a5fe0.dir/CheckFunctionExists.c.o
[2/2] Linking C executable cmTC_a5fe0
FAILED: cmTC_a5fe0 
: && /Library/Developer/CommandLineTools/usr/bin/cc -Wconversion -U_FORTIFY_SOURCE -D_FORTIFY_SOURCE=1 -DCHECK_FUNCTION_EXISTS=perfstat_cpu -O2 -DNDEBUG -DMIN_LOG_LEVEL=3 -Wl,-search_paths_first -Wl,-headerpad_max_install_names  CMakeFiles/cmTC_a5fe0.dir/CheckFunctionExists.c.o  -o cmTC_a5fe0 -L/Users/a/Documents/projects/neovim-src/build/CMakeFiles/CMakeTmp/libperfstat.h -Wl,-rpath,/Users/a/Documents/projects/neovim-src/build/CMakeFiles/CMakeTmp/libperfstat.h -lperfstat && :
ld: warning: directory not found for option '-L/Users/a/Documents/projects/neovim-src/build/CMakeFiles/CMakeTmp/libperfstat.h'
ld: library not found for -lperfstat
clang: error: linker command failed with exit code 1 (use -v to see invocation)
ninja: build stopped: subcommand failed.


Determining if the function clock_gettime exists in the rt failed with the following output:
Change Dir: /Users/a/Documents/projects/neovim-src/build/CMakeFiles/CMakeTmp

Run Build Command:"/usr/local/bin/ninja" "cmTC_bbb53"
[1/2] Building C object CMakeFiles/cmTC_bbb53.dir/CheckFunctionExists.c.o
[2/2] Linking C executable cmTC_bbb53
FAILED: cmTC_bbb53 
: && /Library/Developer/CommandLineTools/usr/bin/cc -Wconversion -U_FORTIFY_SOURCE -D_FORTIFY_SOURCE=1 -DCHECK_FUNCTION_EXISTS=clock_gettime -O2 -DNDEBUG -DMIN_LOG_LEVEL=3 -Wl,-search_paths_first -Wl,-headerpad_max_install_names  CMakeFiles/cmTC_bbb53.dir/CheckFunctionExists.c.o  -o cmTC_bbb53 -L/Users/a/Documents/projects/neovim-src/build/CMakeFiles/CMakeTmp/time.h -Wl,-rpath,/Users/a/Documents/projects/neovim-src/build/CMakeFiles/CMakeTmp/time.h -lrt && :
ld: warning: directory not found for option '-L/Users/a/Documents/projects/neovim-src/build/CMakeFiles/CMakeTmp/time.h'
ld: library not found for -lrt
clang: error: linker command failed with exit code 1 (use -v to see invocation)
ninja: build stopped: subcommand failed.


Determining if the function sendfile exists in the sendfile failed with the following output:
Change Dir: /Users/a/Documents/projects/neovim-src/build/CMakeFiles/CMakeTmp

Run Build Command:"/usr/local/bin/ninja" "cmTC_a35d9"
[1/2] Building C object CMakeFiles/cmTC_a35d9.dir/CheckFunctionExists.c.o
[2/2] Linking C executable cmTC_a35d9
FAILED: cmTC_a35d9 
: && /Library/Developer/CommandLineTools/usr/bin/cc -Wconversion -U_FORTIFY_SOURCE -D_FORTIFY_SOURCE=1 -DCHECK_FUNCTION_EXISTS=sendfile -O2 -DNDEBUG -DMIN_LOG_LEVEL=3 -Wl,-search_paths_first -Wl,-headerpad_max_install_names  CMakeFiles/cmTC_a35d9.dir/CheckFunctionExists.c.o  -o cmTC_a35d9  -lsendfile && :
ld: library not found for -lsendfile
clang: error: linker command failed with exit code 1 (use -v to see invocation)
ninja: build stopped: subcommand failed.


Determining if the function uv_translate_sys_error exists failed with the following output:
Change Dir: /Users/a/Documents/projects/neovim-src/build/CMakeFiles/CMakeTmp

Run Build Command:"/usr/local/bin/ninja" "cmTC_3eafc"
[1/2] Building C object CMakeFiles/cmTC_3eafc.dir/CheckFunctionExists.c.o
[2/2] Linking C executable cmTC_3eafc
FAILED: cmTC_3eafc 
: && /Library/Developer/CommandLineTools/usr/bin/cc -Wconversion -U_FORTIFY_SOURCE -D_FORTIFY_SOURCE=1 -DNVIM_MSGPACK_HAS_FLOAT32 -DNVIM_UNIBI_HAS_VAR_FROM -DCHECK_FUNCTION_EXISTS=uv_translate_sys_error -O2 -DNDEBUG -DMIN_LOG_LEVEL=3 -Wl,-search_paths_first -Wl,-headerpad_max_install_names  CMakeFiles/cmTC_3eafc.dir/CheckFunctionExists.c.o  -o cmTC_3eafc  /usr/local/opt/gettext/lib/libintl.dylib && :
Undefined symbols for architecture x86_64:
  "_uv_translate_sys_error", referenced from:
      _main in CheckFunctionExists.c.o
ld: symbol(s) not found for architecture x86_64
clang: error: linker command failed with exit code 1 (use -v to see invocation)
ninja: build stopped: subcommand failed.


Determining if the function _putenv_s exists failed with the following output:
Change Dir: /Users/a/Documents/projects/neovim-src/build/CMakeFiles/CMakeTmp

Run Build Command:"/usr/local/bin/ninja" "cmTC_70660"
[1/2] Building C object CMakeFiles/cmTC_70660.dir/CheckFunctionExists.c.o
[2/2] Linking C executable cmTC_70660
FAILED: cmTC_70660 
: && /Library/Developer/CommandLineTools/usr/bin/cc -Wconversion -U_FORTIFY_SOURCE -D_FORTIFY_SOURCE=1 -DNVIM_MSGPACK_HAS_FLOAT32 -DNVIM_UNIBI_HAS_VAR_FROM -DCHECK_FUNCTION_EXISTS=_putenv_s -O2 -DNDEBUG -DMIN_LOG_LEVEL=3 -Wl,-search_paths_first -Wl,-headerpad_max_install_names  CMakeFiles/cmTC_70660.dir/CheckFunctionExists.c.o  -o cmTC_70660  /usr/local/opt/gettext/lib/libintl.dylib && :
Undefined symbols for architecture x86_64:
  "__putenv_s", referenced from:
      _main in CheckFunctionExists.c.o
ld: symbol(s) not found for architecture x86_64
clang: error: linker command failed with exit code 1 (use -v to see invocation)
ninja: build stopped: subcommand failed.


Determining if files endian.h exist failed with the following output:
Change Dir: /Users/a/Documents/projects/neovim-src/build/CMakeFiles/CMakeTmp

Run Build Command:"/usr/local/bin/ninja" "cmTC_2ad32"
[1/2] Building C object CMakeFiles/cmTC_2ad32.dir/CheckIncludeFiles.c.o
FAILED: CMakeFiles/cmTC_2ad32.dir/CheckIncludeFiles.c.o 
/Library/Developer/CommandLineTools/usr/bin/cc  -I/usr/local/opt/gettext/include -Wconversion -U_FORTIFY_SOURCE -D_FORTIFY_SOURCE=1 -DNVIM_MSGPACK_HAS_FLOAT32 -DNVIM_UNIBI_HAS_VAR_FROM -O2 -DNDEBUG -DMIN_LOG_LEVEL=3 -o CMakeFiles/cmTC_2ad32.dir/CheckIncludeFiles.c.o   -c CheckIncludeFiles.c
CheckIncludeFiles.c:2:10: fatal error: 'endian.h' file not found
#include <endian.h>
         ^~~~~~~~~~
1 error generated.
ninja: build stopped: subcommand failed.

Source:
/* */
#include <endian.h>


int main(void){return 0;}

Determining if files sys/endian.h exist failed with the following output:
Change Dir: /Users/a/Documents/projects/neovim-src/build/CMakeFiles/CMakeTmp

Run Build Command:"/usr/local/bin/ninja" "cmTC_4b125"
[1/2] Building C object CMakeFiles/cmTC_4b125.dir/CheckIncludeFiles.c.o
FAILED: CMakeFiles/cmTC_4b125.dir/CheckIncludeFiles.c.o 
/Library/Developer/CommandLineTools/usr/bin/cc  -I/usr/local/opt/gettext/include -Wconversion -U_FORTIFY_SOURCE -D_FORTIFY_SOURCE=1 -DNVIM_MSGPACK_HAS_FLOAT32 -DNVIM_UNIBI_HAS_VAR_FROM -O2 -DNDEBUG -DMIN_LOG_LEVEL=3 -o CMakeFiles/cmTC_4b125.dir/CheckIncludeFiles.c.o   -c CheckIncludeFiles.c
CheckIncludeFiles.c:2:10: fatal error: 'sys/endian.h' file not found
#include <sys/endian.h>
         ^~~~~~~~~~~~~~
1 error generated.
ninja: build stopped: subcommand failed.

Source:
/* */
#include <sys/endian.h>


int main(void){return 0;}

Performing C SOURCE FILE Test HAVE_BE64TOH_MACROS failed with the following output:
Change Dir: /Users/a/Documents/projects/neovim-src/build/CMakeFiles/CMakeTmp

Run Build Command:"/usr/local/bin/ninja" "cmTC_c9848"
[1/2] Building C object CMakeFiles/cmTC_c9848.dir/src.c.o
FAILED: CMakeFiles/cmTC_c9848.dir/src.c.o 
/Library/Developer/CommandLineTools/usr/bin/cc  -I/usr/local/opt/gettext/include -Wconversion -U_FORTIFY_SOURCE -D_FORTIFY_SOURCE=1 -DNVIM_MSGPACK_HAS_FLOAT32 -DNVIM_UNIBI_HAS_VAR_FROM -DHAVE_BE64TOH_MACROS -O2 -DNDEBUG -DMIN_LOG_LEVEL=3 -o CMakeFiles/cmTC_c9848.dir/src.c.o   -c src.c
src.c:6:12: fatal error: 'endian.h' file not found
  #include <endian.h>
           ^~~~~~~~~~
1 error generated.
ninja: build stopped: subcommand failed.

Source file was:

  #define _BSD_SOURCE 1
  #define _DEFAULT_SOURCE 1
  #include <stdint.h>

  #include <endian.h>
  #ifndef be64toh
  # error No be64toh macros
  #endif
  int main(int argc,char**argv)
{
  uint64_t i=0x0102030405060708ULL;
    uint64_t j = be64toh(i);
    return (j == 0);  // j must not be zero
  }
Determining if the function be64toh exists failed with the following output:
Change Dir: /Users/a/Documents/projects/neovim-src/build/CMakeFiles/CMakeTmp

Run Build Command:"/usr/local/bin/ninja" "cmTC_e5f65"
[1/2] Building C object CMakeFiles/cmTC_e5f65.dir/CheckFunctionExists.c.o
[2/2] Linking C executable cmTC_e5f65
FAILED: cmTC_e5f65 
: && /Library/Developer/CommandLineTools/usr/bin/cc -Wconversion -U_FORTIFY_SOURCE -D_FORTIFY_SOURCE=1 -DNVIM_MSGPACK_HAS_FLOAT32 -DNVIM_UNIBI_HAS_VAR_FROM -DCHECK_FUNCTION_EXISTS=be64toh -O2 -DNDEBUG -DMIN_LOG_LEVEL=3 -Wl,-search_paths_first -Wl,-headerpad_max_install_names  CMakeFiles/cmTC_e5f65.dir/CheckFunctionExists.c.o  -o cmTC_e5f65  /usr/local/opt/gettext/lib/libintl.dylib && :
Undefined symbols for architecture x86_64:
  "_be64toh", referenced from:
      _main in CheckFunctionExists.c.o
ld: symbol(s) not found for architecture x86_64
clang: error: linker command failed with exit code 1 (use -v to see invocation)
ninja: build stopped: subcommand failed.


Performing C SOURCE FILE Test ORDER_BIG_ENDIAN failed with the following output:
Change Dir: /Users/a/Documents/projects/neovim-src/build/CMakeFiles/CMakeTmp

Run Build Command:"/usr/local/bin/ninja" "cmTC_8c47f"
[1/2] Building C object CMakeFiles/cmTC_8c47f.dir/src.c.o
[2/2] Linking C executable cmTC_8c47f

Return value: 1
Source file was:

      #include <stdint.h>

      int main(int argc,char**argv)
{
  uint64_t i=0x0102030405060708ULL;
        char *s = (char *) &i;
        return (
          s[0] == 0x01
          && s[1] == 0x02
          && s[2] == 0x03
          && s[3] == 0x04
          && s[4] == 0x05
          && s[5] == 0x06
          && s[6] == 0x07
          && s[7] == 0x08) ? 0 : 1;
      }
