The system is: Darwin - 16.7.0 - x86_64
Compiling the C compiler identification source file "CMakeCCompilerId.c" succeeded.
Compiler: /Library/Developer/CommandLineTools/usr/bin/cc 
Build flags: 
Id flags:  

The output was:
0


Compilation of the C compiler identification source "CMakeCCompilerId.c" produced "a.out"

The C compiler identification is AppleClang, found in "/Users/a/Documents/projects/neovim-src/build/CMakeFiles/3.10.0/CompilerIdC/a.out"

Compiling the CXX compiler identification source file "CMakeCXXCompilerId.cpp" succeeded.
Compiler: /Library/Developer/CommandLineTools/usr/bin/c++ 
Build flags: 
Id flags:  

The output was:
0


Compilation of the CXX compiler identification source "CMakeCXXCompilerId.cpp" produced "a.out"

The CXX compiler identification is AppleClang, found in "/Users/a/Documents/projects/neovim-src/build/CMakeFiles/3.10.0/CompilerIdCXX/a.out"

Determining if the C compiler works passed with the following output:
Change Dir: /Users/a/Documents/projects/neovim-src/build/CMakeFiles/CMakeTmp

Run Build Command:"/usr/local/bin/ninja" "cmTC_984ea"
[1/2] Building C object CMakeFiles/cmTC_984ea.dir/testCCompiler.c.o
[2/2] Linking C executable cmTC_984ea


Detecting C compiler ABI info compiled with the following output:
Change Dir: /Users/a/Documents/projects/neovim-src/build/CMakeFiles/CMakeTmp

Run Build Command:"/usr/local/bin/ninja" "cmTC_f78c8"
[1/2] Building C object CMakeFiles/cmTC_f78c8.dir/CMakeCCompilerABI.c.o
[2/2] Linking C executable cmTC_f78c8
Apple LLVM version 9.0.0 (clang-900.0.38)
Target: x86_64-apple-darwin16.7.0
Thread model: posix
InstalledDir: /Library/Developer/CommandLineTools/usr/bin
 "/Library/Developer/CommandLineTools/usr/bin/ld" -demangle -lto_library /Library/Developer/CommandLineTools/usr/lib/libLTO.dylib -dynamic -arch x86_64 -macosx_version_min 10.12.0 -o cmTC_f78c8 -search_paths_first -headerpad_max_install_names -v CMakeFiles/cmTC_f78c8.dir/CMakeCCompilerABI.c.o -lSystem /Library/Developer/CommandLineTools/usr/lib/clang/9.0.0/lib/darwin/libclang_rt.osx.a
@(#)PROGRAM:ld  PROJECT:ld64-302.3.1
configured to support archs: armv6 armv7 armv7s arm64 i386 x86_64 x86_64h armv6m armv7k armv7m armv7em (tvOS)
Library search paths:
	/usr/lib
	/usr/local/lib
Framework search paths:
	/Library/Frameworks/
	/System/Library/Frameworks/


Parsed C implicit link information from above output:
  link line regex: [^( *|.*[/\])(ld|CMAKE_LINK_STARTFILE-NOTFOUND|([^/\]+-)?ld|collect2)[^/\]*( |$)]
  ignore line: [Change Dir: /Users/a/Documents/projects/neovim-src/build/CMakeFiles/CMakeTmp]
  ignore line: []
  ignore line: [Run Build Command:"/usr/local/bin/ninja" "cmTC_f78c8"]
  ignore line: [[1/2] Building C object CMakeFiles/cmTC_f78c8.dir/CMakeCCompilerABI.c.o]
  ignore line: [[2/2] Linking C executable cmTC_f78c8]
  ignore line: [Apple LLVM version 9.0.0 (clang-900.0.38)]
  ignore line: [Target: x86_64-apple-darwin16.7.0]
  ignore line: [Thread model: posix]
  ignore line: [InstalledDir: /Library/Developer/CommandLineTools/usr/bin]
  link line: [ "/Library/Developer/CommandLineTools/usr/bin/ld" -demangle -lto_library /Library/Developer/CommandLineTools/usr/lib/libLTO.dylib -dynamic -arch x86_64 -macosx_version_min 10.12.0 -o cmTC_f78c8 -search_paths_first -headerpad_max_install_names -v CMakeFiles/cmTC_f78c8.dir/CMakeCCompilerABI.c.o -lSystem /Library/Developer/CommandLineTools/usr/lib/clang/9.0.0/lib/darwin/libclang_rt.osx.a]
    arg [/Library/Developer/CommandLineTools/usr/bin/ld] ==> ignore
    arg [-demangle] ==> ignore
    arg [-lto_library] ==> ignore, skip following value
    arg [/Library/Developer/CommandLineTools/usr/lib/libLTO.dylib] ==> skip value of -lto_library
    arg [-dynamic] ==> ignore
    arg [-arch] ==> ignore
    arg [x86_64] ==> ignore
    arg [-macosx_version_min] ==> ignore
    arg [10.12.0] ==> ignore
    arg [-o] ==> ignore
    arg [cmTC_f78c8] ==> ignore
    arg [-search_paths_first] ==> ignore
    arg [-headerpad_max_install_names] ==> ignore
    arg [-v] ==> ignore
    arg [CMakeFiles/cmTC_f78c8.dir/CMakeCCompilerABI.c.o] ==> ignore
    arg [-lSystem] ==> lib [System]
    arg [/Library/Developer/CommandLineTools/usr/lib/clang/9.0.0/lib/darwin/libclang_rt.osx.a] ==> lib [/Library/Developer/CommandLineTools/usr/lib/clang/9.0.0/lib/darwin/libclang_rt.osx.a]
  Library search paths: [;/usr/lib;/usr/local/lib]
  Framework search paths: [;/Library/Frameworks/;/System/Library/Frameworks/]
  remove lib [System]
  remove lib [/Library/Developer/CommandLineTools/usr/lib/clang/9.0.0/lib/darwin/libclang_rt.osx.a]
  collapse library dir [/usr/lib] ==> [/usr/lib]
  collapse library dir [/usr/local/lib] ==> [/usr/local/lib]
  collapse framework dir [/Library/Frameworks/] ==> [/Library/Frameworks]
  collapse framework dir [/System/Library/Frameworks/] ==> [/System/Library/Frameworks]
  implicit libs: []
  implicit dirs: [/usr/lib;/usr/local/lib]
  implicit fwks: [/Library/Frameworks;/System/Library/Frameworks]




Detecting C [-std=c11] compiler features compiled with the following output:
Change Dir: /Users/a/Documents/projects/neovim-src/build/CMakeFiles/CMakeTmp

Run Build Command:"/usr/local/bin/ninja" "cmTC_fe047"
[1/2] Building C object CMakeFiles/cmTC_fe047.dir/feature_tests.c.o
[2/2] Linking C executable cmTC_fe047


    Feature record: C_FEATURE:1c_function_prototypes
    Feature record: C_FEATURE:1c_restrict
    Feature record: C_FEATURE:1c_static_assert
    Feature record: C_FEATURE:1c_variadic_macros


Detecting C [-std=c99] compiler features compiled with the following output:
Change Dir: /Users/a/Documents/projects/neovim-src/build/CMakeFiles/CMakeTmp

Run Build Command:"/usr/local/bin/ninja" "cmTC_2473f"
[1/2] Building C object CMakeFiles/cmTC_2473f.dir/feature_tests.c.o
[2/2] Linking C executable cmTC_2473f


    Feature record: C_FEATURE:1c_function_prototypes
    Feature record: C_FEATURE:1c_restrict
    Feature record: C_FEATURE:0c_static_assert
    Feature record: C_FEATURE:1c_variadic_macros


Detecting C [-std=c90] compiler features compiled with the following output:
Change Dir: /Users/a/Documents/projects/neovim-src/build/CMakeFiles/CMakeTmp

Run Build Command:"/usr/local/bin/ninja" "cmTC_12bf8"
[1/2] Building C object CMakeFiles/cmTC_12bf8.dir/feature_tests.c.o
[2/2] Linking C executable cmTC_12bf8


    Feature record: C_FEATURE:1c_function_prototypes
    Feature record: C_FEATURE:0c_restrict
    Feature record: C_FEATURE:0c_static_assert
    Feature record: C_FEATURE:0c_variadic_macros
Determining if the CXX compiler works passed with the following output:
Change Dir: /Users/a/Documents/projects/neovim-src/build/CMakeFiles/CMakeTmp

Run Build Command:"/usr/local/bin/ninja" "cmTC_ca48a"
[1/2] Building CXX object CMakeFiles/cmTC_ca48a.dir/testCXXCompiler.cxx.o
[2/2] Linking CXX executable cmTC_ca48a


Detecting CXX compiler ABI info compiled with the following output:
Change Dir: /Users/a/Documents/projects/neovim-src/build/CMakeFiles/CMakeTmp

Run Build Command:"/usr/local/bin/ninja" "cmTC_eb7c1"
[1/2] Building CXX object CMakeFiles/cmTC_eb7c1.dir/CMakeCXXCompilerABI.cpp.o
[2/2] Linking CXX executable cmTC_eb7c1
Apple LLVM version 9.0.0 (clang-900.0.38)
Target: x86_64-apple-darwin16.7.0
Thread model: posix
InstalledDir: /Library/Developer/CommandLineTools/usr/bin
 "/Library/Developer/CommandLineTools/usr/bin/ld" -demangle -lto_library /Library/Developer/CommandLineTools/usr/lib/libLTO.dylib -dynamic -arch x86_64 -macosx_version_min 10.12.0 -o cmTC_eb7c1 -search_paths_first -headerpad_max_install_names -v CMakeFiles/cmTC_eb7c1.dir/CMakeCXXCompilerABI.cpp.o -lc++ -lSystem /Library/Developer/CommandLineTools/usr/lib/clang/9.0.0/lib/darwin/libclang_rt.osx.a
@(#)PROGRAM:ld  PROJECT:ld64-302.3.1
configured to support archs: armv6 armv7 armv7s arm64 i386 x86_64 x86_64h armv6m armv7k armv7m armv7em (tvOS)
Library search paths:
	/usr/lib
	/usr/local/lib
Framework search paths:
	/Library/Frameworks/
	/System/Library/Frameworks/


Parsed CXX implicit link information from above output:
  link line regex: [^( *|.*[/\])(ld|CMAKE_LINK_STARTFILE-NOTFOUND|([^/\]+-)?ld|collect2)[^/\]*( |$)]
  ignore line: [Change Dir: /Users/a/Documents/projects/neovim-src/build/CMakeFiles/CMakeTmp]
  ignore line: []
  ignore line: [Run Build Command:"/usr/local/bin/ninja" "cmTC_eb7c1"]
  ignore line: [[1/2] Building CXX object CMakeFiles/cmTC_eb7c1.dir/CMakeCXXCompilerABI.cpp.o]
  ignore line: [[2/2] Linking CXX executable cmTC_eb7c1]
  ignore line: [Apple LLVM version 9.0.0 (clang-900.0.38)]
  ignore line: [Target: x86_64-apple-darwin16.7.0]
  ignore line: [Thread model: posix]
  ignore line: [InstalledDir: /Library/Developer/CommandLineTools/usr/bin]
  link line: [ "/Library/Developer/CommandLineTools/usr/bin/ld" -demangle -lto_library /Library/Developer/CommandLineTools/usr/lib/libLTO.dylib -dynamic -arch x86_64 -macosx_version_min 10.12.0 -o cmTC_eb7c1 -search_paths_first -headerpad_max_install_names -v CMakeFiles/cmTC_eb7c1.dir/CMakeCXXCompilerABI.cpp.o -lc++ -lSystem /Library/Developer/CommandLineTools/usr/lib/clang/9.0.0/lib/darwin/libclang_rt.osx.a]
    arg [/Library/Developer/CommandLineTools/usr/bin/ld] ==> ignore
    arg [-demangle] ==> ignore
    arg [-lto_library] ==> ignore, skip following value
    arg [/Library/Developer/CommandLineTools/usr/lib/libLTO.dylib] ==> skip value of -lto_library
    arg [-dynamic] ==> ignore
    arg [-arch] ==> ignore
    arg [x86_64] ==> ignore
    arg [-macosx_version_min] ==> ignore
    arg [10.12.0] ==> ignore
    arg [-o] ==> ignore
    arg [cmTC_eb7c1] ==> ignore
    arg [-search_paths_first] ==> ignore
    arg [-headerpad_max_install_names] ==> ignore
    arg [-v] ==> ignore
    arg [CMakeFiles/cmTC_eb7c1.dir/CMakeCXXCompilerABI.cpp.o] ==> ignore
    arg [-lc++] ==> lib [c++]
    arg [-lSystem] ==> lib [System]
    arg [/Library/Developer/CommandLineTools/usr/lib/clang/9.0.0/lib/darwin/libclang_rt.osx.a] ==> lib [/Library/Developer/CommandLineTools/usr/lib/clang/9.0.0/lib/darwin/libclang_rt.osx.a]
  Library search paths: [;/usr/lib;/usr/local/lib]
  Framework search paths: [;/Library/Frameworks/;/System/Library/Frameworks/]
  remove lib [System]
  remove lib [/Library/Developer/CommandLineTools/usr/lib/clang/9.0.0/lib/darwin/libclang_rt.osx.a]
  collapse library dir [/usr/lib] ==> [/usr/lib]
  collapse library dir [/usr/local/lib] ==> [/usr/local/lib]
  collapse framework dir [/Library/Frameworks/] ==> [/Library/Frameworks]
  collapse framework dir [/System/Library/Frameworks/] ==> [/System/Library/Frameworks]
  implicit libs: [c++]
  implicit dirs: [/usr/lib;/usr/local/lib]
  implicit fwks: [/Library/Frameworks;/System/Library/Frameworks]




Detecting CXX [-std=c++1z] compiler features compiled with the following output:
Change Dir: /Users/a/Documents/projects/neovim-src/build/CMakeFiles/CMakeTmp

Run Build Command:"/usr/local/bin/ninja" "cmTC_84b9a"
[1/2] Building CXX object CMakeFiles/cmTC_84b9a.dir/feature_tests.cxx.o
[2/2] Linking CXX executable cmTC_84b9a


    Feature record: CXX_FEATURE:1cxx_aggregate_default_initializers
    Feature record: CXX_FEATURE:1cxx_alias_templates
    Feature record: CXX_FEATURE:1cxx_alignas
    Feature record: CXX_FEATURE:1cxx_alignof
    Feature record: CXX_FEATURE:1cxx_attributes
    Feature record: CXX_FEATURE:1cxx_attribute_deprecated
    Feature record: CXX_FEATURE:1cxx_auto_type
    Feature record: CXX_FEATURE:1cxx_binary_literals
    Feature record: CXX_FEATURE:1cxx_constexpr
    Feature record: CXX_FEATURE:1cxx_contextual_conversions
    Feature record: CXX_FEATURE:1cxx_decltype
    Feature record: CXX_FEATURE:1cxx_decltype_auto
    Feature record: CXX_FEATURE:1cxx_decltype_incomplete_return_types
    Feature record: CXX_FEATURE:1cxx_default_function_template_args
    Feature record: CXX_FEATURE:1cxx_defaulted_functions
    Feature record: CXX_FEATURE:1cxx_defaulted_move_initializers
    Feature record: CXX_FEATURE:1cxx_delegating_constructors
    Feature record: CXX_FEATURE:1cxx_deleted_functions
    Feature record: CXX_FEATURE:1cxx_digit_separators
    Feature record: CXX_FEATURE:1cxx_enum_forward_declarations
    Feature record: CXX_FEATURE:1cxx_explicit_conversions
    Feature record: CXX_FEATURE:1cxx_extended_friend_declarations
    Feature record: CXX_FEATURE:1cxx_extern_templates
    Feature record: CXX_FEATURE:1cxx_final
    Feature record: CXX_FEATURE:1cxx_func_identifier
    Feature record: CXX_FEATURE:1cxx_generalized_initializers
    Feature record: CXX_FEATURE:1cxx_generic_lambdas
    Feature record: CXX_FEATURE:1cxx_inheriting_constructors
    Feature record: CXX_FEATURE:1cxx_inline_namespaces
    Feature record: CXX_FEATURE:1cxx_lambdas
    Feature record: CXX_FEATURE:1cxx_lambda_init_captures
    Feature record: CXX_FEATURE:1cxx_local_type_template_args
    Feature record: CXX_FEATURE:1cxx_long_long_type
    Feature record: CXX_FEATURE:1cxx_noexcept
    Feature record: CXX_FEATURE:1cxx_nonstatic_member_init
    Feature record: CXX_FEATURE:1cxx_nullptr
    Feature record: CXX_FEATURE:1cxx_override
    Feature record: CXX_FEATURE:1cxx_range_for
    Feature record: CXX_FEATURE:1cxx_raw_string_literals
    Feature record: CXX_FEATURE:1cxx_reference_qualified_functions
    Feature record: CXX_FEATURE:1cxx_relaxed_constexpr
    Feature record: CXX_FEATURE:1cxx_return_type_deduction
    Feature record: CXX_FEATURE:1cxx_right_angle_brackets
    Feature record: CXX_FEATURE:1cxx_rvalue_references
    Feature record: CXX_FEATURE:1cxx_sizeof_member
    Feature record: CXX_FEATURE:1cxx_static_assert
    Feature record: CXX_FEATURE:1cxx_strong_enums
    Feature record: CXX_FEATURE:1cxx_template_template_parameters
    Feature record: CXX_FEATURE:1cxx_thread_local
    Feature record: CXX_FEATURE:1cxx_trailing_return_types
    Feature record: CXX_FEATURE:1cxx_unicode_literals
    Feature record: CXX_FEATURE:1cxx_uniform_initialization
    Feature record: CXX_FEATURE:1cxx_unrestricted_unions
    Feature record: CXX_FEATURE:1cxx_user_literals
    Feature record: CXX_FEATURE:1cxx_variable_templates
    Feature record: CXX_FEATURE:1cxx_variadic_macros
    Feature record: CXX_FEATURE:1cxx_variadic_templates


Detecting CXX [-std=c++14] compiler features compiled with the following output:
Change Dir: /Users/a/Documents/projects/neovim-src/build/CMakeFiles/CMakeTmp

Run Build Command:"/usr/local/bin/ninja" "cmTC_02d8d"
[1/2] Building CXX object CMakeFiles/cmTC_02d8d.dir/feature_tests.cxx.o
[2/2] Linking CXX executable cmTC_02d8d


    Feature record: CXX_FEATURE:1cxx_aggregate_default_initializers
    Feature record: CXX_FEATURE:1cxx_alias_templates
    Feature record: CXX_FEATURE:1cxx_alignas
    Feature record: CXX_FEATURE:1cxx_alignof
    Feature record: CXX_FEATURE:1cxx_attributes
    Feature record: CXX_FEATURE:1cxx_attribute_deprecated
    Feature record: CXX_FEATURE:1cxx_auto_type
    Feature record: CXX_FEATURE:1cxx_binary_literals
    Feature record: CXX_FEATURE:1cxx_constexpr
    Feature record: CXX_FEATURE:1cxx_contextual_conversions
    Feature record: CXX_FEATURE:1cxx_decltype
    Feature record: CXX_FEATURE:1cxx_decltype_auto
    Feature record: CXX_FEATURE:1cxx_decltype_incomplete_return_types
    Feature record: CXX_FEATURE:1cxx_default_function_template_args
    Feature record: CXX_FEATURE:1cxx_defaulted_functions
    Feature record: CXX_FEATURE:1cxx_defaulted_move_initializers
    Feature record: CXX_FEATURE:1cxx_delegating_constructors
    Feature record: CXX_FEATURE:1cxx_deleted_functions
    Feature record: CXX_FEATURE:1cxx_digit_separators
    Feature record: CXX_FEATURE:1cxx_enum_forward_declarations
    Feature record: CXX_FEATURE:1cxx_explicit_conversions
    Feature record: CXX_FEATURE:1cxx_extended_friend_declarations
    Feature record: CXX_FEATURE:1cxx_extern_templates
    Feature record: CXX_FEATURE:1cxx_final
    Feature record: CXX_FEATURE:1cxx_func_identifier
    Feature record: CXX_FEATURE:1cxx_generalized_initializers
    Feature record: CXX_FEATURE:1cxx_generic_lambdas
    Feature record: CXX_FEATURE:1cxx_inheriting_constructors
    Feature record: CXX_FEATURE:1cxx_inline_namespaces
    Feature record: CXX_FEATURE:1cxx_lambdas
    Feature record: CXX_FEATURE:1cxx_lambda_init_captures
    Feature record: CXX_FEATURE:1cxx_local_type_template_args
    Feature record: CXX_FEATURE:1cxx_long_long_type
    Feature record: CXX_FEATURE:1cxx_noexcept
    Feature record: CXX_FEATURE:1cxx_nonstatic_member_init
    Feature record: CXX_FEATURE:1cxx_nullptr
    Feature record: CXX_FEATURE:1cxx_override
    Feature record: CXX_FEATURE:1cxx_range_for
    Feature record: CXX_FEATURE:1cxx_raw_string_literals
    Feature record: CXX_FEATURE:1cxx_reference_qualified_functions
    Feature record: CXX_FEATURE:1cxx_relaxed_constexpr
    Feature record: CXX_FEATURE:1cxx_return_type_deduction
    Feature record: CXX_FEATURE:1cxx_right_angle_brackets
    Feature record: CXX_FEATURE:1cxx_rvalue_references
    Feature record: CXX_FEATURE:1cxx_sizeof_member
    Feature record: CXX_FEATURE:1cxx_static_assert
    Feature record: CXX_FEATURE:1cxx_strong_enums
    Feature record: CXX_FEATURE:1cxx_template_template_parameters
    Feature record: CXX_FEATURE:1cxx_thread_local
    Feature record: CXX_FEATURE:1cxx_trailing_return_types
    Feature record: CXX_FEATURE:1cxx_unicode_literals
    Feature record: CXX_FEATURE:1cxx_uniform_initialization
    Feature record: CXX_FEATURE:1cxx_unrestricted_unions
    Feature record: CXX_FEATURE:1cxx_user_literals
    Feature record: CXX_FEATURE:1cxx_variable_templates
    Feature record: CXX_FEATURE:1cxx_variadic_macros
    Feature record: CXX_FEATURE:1cxx_variadic_templates


Detecting CXX [-std=c++11] compiler features compiled with the following output:
Change Dir: /Users/a/Documents/projects/neovim-src/build/CMakeFiles/CMakeTmp

Run Build Command:"/usr/local/bin/ninja" "cmTC_8ddc6"
[1/2] Building CXX object CMakeFiles/cmTC_8ddc6.dir/feature_tests.cxx.o
[2/2] Linking CXX executable cmTC_8ddc6


    Feature record: CXX_FEATURE:0cxx_aggregate_default_initializers
    Feature record: CXX_FEATURE:1cxx_alias_templates
    Feature record: CXX_FEATURE:1cxx_alignas
    Feature record: CXX_FEATURE:1cxx_alignof
    Feature record: CXX_FEATURE:1cxx_attributes
    Feature record: CXX_FEATURE:0cxx_attribute_deprecated
    Feature record: CXX_FEATURE:1cxx_auto_type
    Feature record: CXX_FEATURE:0cxx_binary_literals
    Feature record: CXX_FEATURE:1cxx_constexpr
    Feature record: CXX_FEATURE:0cxx_contextual_conversions
    Feature record: CXX_FEATURE:1cxx_decltype
    Feature record: CXX_FEATURE:0cxx_decltype_auto
    Feature record: CXX_FEATURE:1cxx_decltype_incomplete_return_types
    Feature record: CXX_FEATURE:1cxx_default_function_template_args
    Feature record: CXX_FEATURE:1cxx_defaulted_functions
    Feature record: CXX_FEATURE:1cxx_defaulted_move_initializers
    Feature record: CXX_FEATURE:1cxx_delegating_constructors
    Feature record: CXX_FEATURE:1cxx_deleted_functions
    Feature record: CXX_FEATURE:0cxx_digit_separators
    Feature record: CXX_FEATURE:1cxx_enum_forward_declarations
    Feature record: CXX_FEATURE:1cxx_explicit_conversions
    Feature record: CXX_FEATURE:1cxx_extended_friend_declarations
    Feature record: CXX_FEATURE:1cxx_extern_templates
    Feature record: CXX_FEATURE:1cxx_final
    Feature record: CXX_FEATURE:1cxx_func_identifier
    Feature record: CXX_FEATURE:1cxx_generalized_initializers
    Feature record: CXX_FEATURE:0cxx_generic_lambdas
    Feature record: CXX_FEATURE:1cxx_inheriting_constructors
    Feature record: CXX_FEATURE:1cxx_inline_namespaces
    Feature record: CXX_FEATURE:1cxx_lambdas
    Feature record: CXX_FEATURE:0cxx_lambda_init_captures
    Feature record: CXX_FEATURE:1cxx_local_type_template_args
    Feature record: CXX_FEATURE:1cxx_long_long_type
    Feature record: CXX_FEATURE:1cxx_noexcept
    Feature record: CXX_FEATURE:1cxx_nonstatic_member_init
    Feature record: CXX_FEATURE:1cxx_nullptr
    Feature record: CXX_FEATURE:1cxx_override
    Feature record: CXX_FEATURE:1cxx_range_for
    Feature record: CXX_FEATURE:1cxx_raw_string_literals
    Feature record: CXX_FEATURE:1cxx_reference_qualified_functions
    Feature record: CXX_FEATURE:0cxx_relaxed_constexpr
    Feature record: CXX_FEATURE:0cxx_return_type_deduction
    Feature record: CXX_FEATURE:1cxx_right_angle_brackets
    Feature record: CXX_FEATURE:1cxx_rvalue_references
    Feature record: CXX_FEATURE:1cxx_sizeof_member
    Feature record: CXX_FEATURE:1cxx_static_assert
    Feature record: CXX_FEATURE:1cxx_strong_enums
    Feature record: CXX_FEATURE:1cxx_template_template_parameters
    Feature record: CXX_FEATURE:1cxx_thread_local
    Feature record: CXX_FEATURE:1cxx_trailing_return_types
    Feature record: CXX_FEATURE:1cxx_unicode_literals
    Feature record: CXX_FEATURE:1cxx_uniform_initialization
    Feature record: CXX_FEATURE:1cxx_unrestricted_unions
    Feature record: CXX_FEATURE:1cxx_user_literals
    Feature record: CXX_FEATURE:0cxx_variable_templates
    Feature record: CXX_FEATURE:1cxx_variadic_macros
    Feature record: CXX_FEATURE:1cxx_variadic_templates


Detecting CXX [-std=c++98] compiler features compiled with the following output:
Change Dir: /Users/a/Documents/projects/neovim-src/build/CMakeFiles/CMakeTmp

Run Build Command:"/usr/local/bin/ninja" "cmTC_e8db8"
[1/2] Building CXX object CMakeFiles/cmTC_e8db8.dir/feature_tests.cxx.o
[2/2] Linking CXX executable cmTC_e8db8


    Feature record: CXX_FEATURE:0cxx_aggregate_default_initializers
    Feature record: CXX_FEATURE:0cxx_alias_templates
    Feature record: CXX_FEATURE:0cxx_alignas
    Feature record: CXX_FEATURE:0cxx_alignof
    Feature record: CXX_FEATURE:0cxx_attributes
    Feature record: CXX_FEATURE:0cxx_attribute_deprecated
    Feature record: CXX_FEATURE:0cxx_auto_type
    Feature record: CXX_FEATURE:0cxx_binary_literals
    Feature record: CXX_FEATURE:0cxx_constexpr
    Feature record: CXX_FEATURE:0cxx_contextual_conversions
    Feature record: CXX_FEATURE:0cxx_decltype
    Feature record: CXX_FEATURE:0cxx_decltype_auto
    Feature record: CXX_FEATURE:0cxx_decltype_incomplete_return_types
    Feature record: CXX_FEATURE:0cxx_default_function_template_args
    Feature record: CXX_FEATURE:0cxx_defaulted_functions
    Feature record: CXX_FEATURE:0cxx_defaulted_move_initializers
    Feature record: CXX_FEATURE:0cxx_delegating_constructors
    Feature record: CXX_FEATURE:0cxx_deleted_functions
    Feature record: CXX_FEATURE:0cxx_digit_separators
    Feature record: CXX_FEATURE:0cxx_enum_forward_declarations
    Feature record: CXX_FEATURE:0cxx_explicit_conversions
    Feature record: CXX_FEATURE:0cxx_extended_friend_declarations
    Feature record: CXX_FEATURE:0cxx_extern_templates
    Feature record: CXX_FEATURE:0cxx_final
    Feature record: CXX_FEATURE:0cxx_func_identifier
    Feature record: CXX_FEATURE:0cxx_generalized_initializers
    Feature record: CXX_FEATURE:0cxx_generic_lambdas
    Feature record: CXX_FEATURE:0cxx_inheriting_constructors
    Feature record: CXX_FEATURE:0cxx_inline_namespaces
    Feature record: CXX_FEATURE:0cxx_lambdas
    Feature record: CXX_FEATURE:0cxx_lambda_init_captures
    Feature record: CXX_FEATURE:0cxx_local_type_template_args
    Feature record: CXX_FEATURE:0cxx_long_long_type
    Feature record: CXX_FEATURE:0cxx_noexcept
    Feature record: CXX_FEATURE:0cxx_nonstatic_member_init
    Feature record: CXX_FEATURE:0cxx_nullptr
    Feature record: CXX_FEATURE:0cxx_override
    Feature record: CXX_FEATURE:0cxx_range_for
    Feature record: CXX_FEATURE:0cxx_raw_string_literals
    Feature record: CXX_FEATURE:0cxx_reference_qualified_functions
    Feature record: CXX_FEATURE:0cxx_relaxed_constexpr
    Feature record: CXX_FEATURE:0cxx_return_type_deduction
    Feature record: CXX_FEATURE:0cxx_right_angle_brackets
    Feature record: CXX_FEATURE:0cxx_rvalue_references
    Feature record: CXX_FEATURE:0cxx_sizeof_member
    Feature record: CXX_FEATURE:0cxx_static_assert
    Feature record: CXX_FEATURE:0cxx_strong_enums
    Feature record: CXX_FEATURE:1cxx_template_template_parameters
    Feature record: CXX_FEATURE:0cxx_thread_local
    Feature record: CXX_FEATURE:0cxx_trailing_return_types
    Feature record: CXX_FEATURE:0cxx_unicode_literals
    Feature record: CXX_FEATURE:0cxx_uniform_initialization
    Feature record: CXX_FEATURE:0cxx_unrestricted_unions
    Feature record: CXX_FEATURE:0cxx_user_literals
    Feature record: CXX_FEATURE:0cxx_variable_templates
    Feature record: CXX_FEATURE:0cxx_variadic_macros
    Feature record: CXX_FEATURE:0cxx_variadic_templates
Performing C SOURCE FILE Test HAVE_EXECINFO_BACKTRACE succeeded with the following output:
Change Dir: /Users/a/Documents/projects/neovim-src/build/CMakeFiles/CMakeTmp

Run Build Command:"/usr/local/bin/ninja" "cmTC_8e09a"
[1/2] Building C object CMakeFiles/cmTC_8e09a.dir/src.c.o
[2/2] Linking C executable cmTC_8e09a

Source file was:

#include <execinfo.h>
int main(void)
{
  void *trace[1];
  int trace_size = backtrace(trace, 1);
  return 0;
}

Performing C SOURCE FILE Test HAS_WIMPLICIT_FALLTHROUGH_FLAG succeeded with the following output:
Change Dir: /Users/a/Documents/projects/neovim-src/build/CMakeFiles/CMakeTmp

Run Build Command:"/usr/local/bin/ninja" "cmTC_26e86"
[1/2] Building C object CMakeFiles/cmTC_26e86.dir/src.c.o
[2/2] Linking C executable cmTC_26e86

Source file was:
int main(void) { return 0; }
Performing C SOURCE FILE Test HAS_WVLA_FLAG succeeded with the following output:
Change Dir: /Users/a/Documents/projects/neovim-src/build/CMakeFiles/CMakeTmp

Run Build Command:"/usr/local/bin/ninja" "cmTC_91705"
[1/2] Building C object CMakeFiles/cmTC_91705.dir/src.c.o
[2/2] Linking C executable cmTC_91705

Source file was:
int main(void) { return 0; }
Performing C SOURCE FILE Test HAS_FSTACK_PROTECTOR_STRONG_FLAG succeeded with the following output:
Change Dir: /Users/a/Documents/projects/neovim-src/build/CMakeFiles/CMakeTmp

Run Build Command:"/usr/local/bin/ninja" "cmTC_04851"
[1/2] Building C object CMakeFiles/cmTC_04851.dir/src.c.o
[2/2] Linking C executable cmTC_04851

Source file was:
int main(void) { return 0; }
Performing C SOURCE FILE Test HAS_FSTACK_PROTECTOR_FLAG succeeded with the following output:
Change Dir: /Users/a/Documents/projects/neovim-src/build/CMakeFiles/CMakeTmp

Run Build Command:"/usr/local/bin/ninja" "cmTC_4a424"
[1/2] Building C object CMakeFiles/cmTC_4a424.dir/src.c.o
[2/2] Linking C executable cmTC_4a424

Source file was:
int main(void) { return 0; }
Performing C SOURCE FILE Test HAS_DIAG_COLOR_FLAG succeeded with the following output:
Change Dir: /Users/a/Documents/projects/neovim-src/build/CMakeFiles/CMakeTmp

Run Build Command:"/usr/local/bin/ninja" "cmTC_5d00b"
[1/2] Building C object CMakeFiles/cmTC_5d00b.dir/src.c.o
[2/2] Linking C executable cmTC_5d00b

Source file was:
int main(void) { return 0; }
Determining if the function dlopen exists in the dl passed with the following output:
Change Dir: /Users/a/Documents/projects/neovim-src/build/CMakeFiles/CMakeTmp

Run Build Command:"/usr/local/bin/ninja" "cmTC_7abab"
[1/2] Building C object CMakeFiles/cmTC_7abab.dir/CheckFunctionExists.c.o
[2/2] Linking C executable cmTC_7abab
ld: warning: directory not found for option '-L/Users/a/Documents/projects/neovim-src/build/CMakeFiles/CMakeTmp/dlfcn.h'


Performing C SOURCE FILE Test MSGPACK_HAS_FLOAT32 succeeded with the following output:
Change Dir: /Users/a/Documents/projects/neovim-src/build/CMakeFiles/CMakeTmp

Run Build Command:"/usr/local/bin/ninja" "cmTC_e7982"
[1/2] Building C object CMakeFiles/cmTC_e7982.dir/src.c.o
In file included from src.c:2:
In file included from /Users/a/Documents/projects/neovim-src/.deps/usr/include/msgpack.h:17:
In file included from /Users/a/Documents/projects/neovim-src/.deps/usr/include/msgpack/object.h:13:
/Users/a/Documents/projects/neovim-src/.deps/usr/include/msgpack/zone.h:114:44: warning: implicit conversion changes signedness: 'long' to 'unsigned long' [-Wsign-conversion]
    size_t adjusted_size = size + (aligned - zone->chunk_list.ptr);
                                ~  ~~~~~~~~^~~~~~~~~~~~~~~~~~~~~~
In file included from src.c:2:
In file included from /Users/a/Documents/projects/neovim-src/.deps/usr/include/msgpack.h:19:
In file included from /Users/a/Documents/projects/neovim-src/.deps/usr/include/msgpack/pack.h:121:
/Users/a/Documents/projects/neovim-src/.deps/usr/include/msgpack/pack_template.h:837:18: warning: implicit conversion changes signedness: 'int8_t' (aka 'signed char') to 'unsigned char' [-Wsign-conversion]
        buf[1] = type;
               ~ ^~~~
/Users/a/Documents/projects/neovim-src/.deps/usr/include/msgpack/pack_template.h:843:18: warning: implicit conversion changes signedness: 'int8_t' (aka 'signed char') to 'unsigned char' [-Wsign-conversion]
        buf[1] = type;
               ~ ^~~~
/Users/a/Documents/projects/neovim-src/.deps/usr/include/msgpack/pack_template.h:849:18: warning: implicit conversion changes signedness: 'int8_t' (aka 'signed char') to 'unsigned char' [-Wsign-conversion]
        buf[1] = type;
               ~ ^~~~
/Users/a/Documents/projects/neovim-src/.deps/usr/include/msgpack/pack_template.h:855:18: warning: implicit conversion changes signedness: 'int8_t' (aka 'signed char') to 'unsigned char' [-Wsign-conversion]
        buf[1] = type;
               ~ ^~~~
/Users/a/Documents/projects/neovim-src/.deps/usr/include/msgpack/pack_template.h:861:18: warning: implicit conversion changes signedness: 'int8_t' (aka 'signed char') to 'unsigned char' [-Wsign-conversion]
        buf[1] = type;
               ~ ^~~~
/Users/a/Documents/projects/neovim-src/.deps/usr/include/msgpack/pack_template.h:869:22: warning: implicit conversion changes signedness: 'int8_t' (aka 'signed char') to 'unsigned char' [-Wsign-conversion]
            buf[2] = type;
                   ~ ^~~~
/Users/a/Documents/projects/neovim-src/.deps/usr/include/msgpack/pack_template.h:875:22: warning: implicit conversion changes signedness: 'int8_t' (aka 'signed char') to 'unsigned char' [-Wsign-conversion]
            buf[3] = type;
                   ~ ^~~~
/Users/a/Documents/projects/neovim-src/.deps/usr/include/msgpack/pack_template.h:881:22: warning: implicit conversion changes signedness: 'int8_t' (aka 'signed char') to 'unsigned char' [-Wsign-conversion]
            buf[5] = type;
                   ~ ^~~~
9 warnings generated.
[2/2] Linking C executable cmTC_e7982

Source file was:

#include <msgpack.h>

int
main(void)
{
  return MSGPACK_OBJECT_FLOAT32;
}

Performing C SOURCE FILE Test UNIBI_HAS_VAR_FROM succeeded with the following output:
Change Dir: /Users/a/Documents/projects/neovim-src/build/CMakeFiles/CMakeTmp

Run Build Command:"/usr/local/bin/ninja" "cmTC_d6ca9"
[1/2] Building C object CMakeFiles/cmTC_d6ca9.dir/src.c.o
[2/2] Linking C executable cmTC_d6ca9

Source file was:

  #include <unibilium.h>

  int
  main(void)
  {
    return unibi_num_from_var(unibi_var_from_num(0));
  }
  
Performing C SOURCE FILE Test HAVE_WORKING_LIBINTL succeeded with the following output:
Change Dir: /Users/a/Documents/projects/neovim-src/build/CMakeFiles/CMakeTmp

Run Build Command:"/usr/local/bin/ninja" "cmTC_4aa2b"
[1/2] Building C object CMakeFiles/cmTC_4aa2b.dir/src.c.o
[2/2] Linking C executable cmTC_4aa2b

Source file was:

#include <libintl.h>

int main(int argc, char** argv) {
  gettext("foo");
  ngettext("foo", "bar", 1);
  bindtextdomain("foo", "bar");
  bind_textdomain_codeset("foo", "bar");
  textdomain("foo");
}
Determining if the variable _nl_msg_cat_cntr exists passed with the following output:
Change Dir: /Users/a/Documents/projects/neovim-src/build/CMakeFiles/CMakeTmp

Run Build Command:"/usr/local/bin/ninja" "cmTC_db7cd"
[1/2] Building C object CMakeFiles/cmTC_db7cd.dir/CheckVariableExists.c.o
[2/2] Linking C executable cmTC_db7cd


Determining if the include file pthread.h exists passed with the following output:
Change Dir: /Users/a/Documents/projects/neovim-src/build/CMakeFiles/CMakeTmp

Run Build Command:"/usr/local/bin/ninja" "cmTC_ced44"
[1/2] Building C object CMakeFiles/cmTC_ced44.dir/CheckIncludeFile.c.o
[2/2] Linking C executable cmTC_ced44


Determining if the pthread_create exist passed with the following output:
Change Dir: /Users/a/Documents/projects/neovim-src/build/CMakeFiles/CMakeTmp

Run Build Command:"/usr/local/bin/ninja" "cmTC_2bf3d"
[1/2] Building C object CMakeFiles/cmTC_2bf3d.dir/CheckSymbolExists.c.o
[2/2] Linking C executable cmTC_2bf3d

File /Users/a/Documents/projects/neovim-src/build/CMakeFiles/CMakeTmp/CheckSymbolExists.c:
/* */
#include <pthread.h>

int main(int argc, char** argv)
{
  (void)argv;
#ifndef pthread_create
  return ((int*)(&pthread_create))[argc];
#else
  (void)argc;
  return 0;
#endif
}

Performing C SOURCE FILE Test HAS_WNO_STATIC_IN_INLINE_FLAG succeeded with the following output:
Change Dir: /Users/a/Documents/projects/neovim-src/build/CMakeFiles/CMakeTmp

Run Build Command:"/usr/local/bin/ninja" "cmTC_fb788"
[1/2] Building C object CMakeFiles/cmTC_fb788.dir/src.c.o
[2/2] Linking C executable cmTC_fb788

Source file was:
int main(void) { return 0; }
Determining if the include file sys/types.h exists passed with the following output:
Change Dir: /Users/a/Documents/projects/neovim-src/build/CMakeFiles/CMakeTmp

Run Build Command:"/usr/local/bin/ninja" "cmTC_67bec"
[1/2] Building C object CMakeFiles/cmTC_67bec.dir/CheckIncludeFile.c.o
[2/2] Linking C executable cmTC_67bec


Determining if the include file stdint.h exists passed with the following output:
Change Dir: /Users/a/Documents/projects/neovim-src/build/CMakeFiles/CMakeTmp

Run Build Command:"/usr/local/bin/ninja" "cmTC_2c05b"
[1/2] Building C object CMakeFiles/cmTC_2c05b.dir/CheckIncludeFile.c.o
[2/2] Linking C executable cmTC_2c05b


Determining if the include file stddef.h exists passed with the following output:
Change Dir: /Users/a/Documents/projects/neovim-src/build/CMakeFiles/CMakeTmp

Run Build Command:"/usr/local/bin/ninja" "cmTC_8117d"
[1/2] Building C object CMakeFiles/cmTC_8117d.dir/CheckIncludeFile.c.o
[2/2] Linking C executable cmTC_8117d


Determining size of int passed with the following output:
Change Dir: /Users/a/Documents/projects/neovim-src/build/CMakeFiles/CMakeTmp

Run Build Command:"/usr/local/bin/ninja" "cmTC_bded8"
[1/2] Building C object CMakeFiles/cmTC_bded8.dir/SIZEOF_INT.c.o
[2/2] Linking C executable cmTC_bded8


Determining size of long passed with the following output:
Change Dir: /Users/a/Documents/projects/neovim-src/build/CMakeFiles/CMakeTmp

Run Build Command:"/usr/local/bin/ninja" "cmTC_986d4"
[1/2] Building C object CMakeFiles/cmTC_986d4.dir/SIZEOF_LONG.c.o
[2/2] Linking C executable cmTC_986d4


Determining size of intmax_t passed with the following output:
Change Dir: /Users/a/Documents/projects/neovim-src/build/CMakeFiles/CMakeTmp

Run Build Command:"/usr/local/bin/ninja" "cmTC_7dd5e"
[1/2] Building C object CMakeFiles/cmTC_7dd5e.dir/SIZEOF_INTMAX_T.c.o
[2/2] Linking C executable cmTC_7dd5e


Determining size of size_t passed with the following output:
Change Dir: /Users/a/Documents/projects/neovim-src/build/CMakeFiles/CMakeTmp

Run Build Command:"/usr/local/bin/ninja" "cmTC_f2f58"
[1/2] Building C object CMakeFiles/cmTC_f2f58.dir/SIZEOF_SIZE_T.c.o
[2/2] Linking C executable cmTC_f2f58


Determining size of long long passed with the following output:
Change Dir: /Users/a/Documents/projects/neovim-src/build/CMakeFiles/CMakeTmp

Run Build Command:"/usr/local/bin/ninja" "cmTC_1310a"
[1/2] Building C object CMakeFiles/cmTC_1310a.dir/SIZEOF_LONG_LONG.c.o
[2/2] Linking C executable cmTC_1310a


Determining size of void * passed with the following output:
Change Dir: /Users/a/Documents/projects/neovim-src/build/CMakeFiles/CMakeTmp

Run Build Command:"/usr/local/bin/ninja" "cmTC_b2eda"
[1/2] Building C object CMakeFiles/cmTC_b2eda.dir/SIZEOF_VOID_PTR.c.o
[2/2] Linking C executable cmTC_b2eda


Determining if the _NSGetEnviron exist passed with the following output:
Change Dir: /Users/a/Documents/projects/neovim-src/build/CMakeFiles/CMakeTmp

Run Build Command:"/usr/local/bin/ninja" "cmTC_3165c"
[1/2] Building C object CMakeFiles/cmTC_3165c.dir/CheckSymbolExists.c.o
[2/2] Linking C executable cmTC_3165c

File /Users/a/Documents/projects/neovim-src/build/CMakeFiles/CMakeTmp/CheckSymbolExists.c:
/* */
#include <crt_externs.h>

int main(int argc, char** argv)
{
  (void)argv;
#ifndef _NSGetEnviron
  return ((int*)(&_NSGetEnviron))[argc];
#else
  (void)argc;
  return 0;
#endif
}

Determining if files iconv.h exist passed with the following output:
Change Dir: /Users/a/Documents/projects/neovim-src/build/CMakeFiles/CMakeTmp

Run Build Command:"/usr/local/bin/ninja" "cmTC_5ffcc"
[1/2] Building C object CMakeFiles/cmTC_5ffcc.dir/CheckIncludeFiles.c.o
[2/2] Linking C executable cmTC_5ffcc


Determining if files langinfo.h exist passed with the following output:
Change Dir: /Users/a/Documents/projects/neovim-src/build/CMakeFiles/CMakeTmp

Run Build Command:"/usr/local/bin/ninja" "cmTC_b3ced"
[1/2] Building C object CMakeFiles/cmTC_b3ced.dir/CheckIncludeFiles.c.o
[2/2] Linking C executable cmTC_b3ced


Determining if files locale.h exist passed with the following output:
Change Dir: /Users/a/Documents/projects/neovim-src/build/CMakeFiles/CMakeTmp

Run Build Command:"/usr/local/bin/ninja" "cmTC_b7fbd"
[1/2] Building C object CMakeFiles/cmTC_b7fbd.dir/CheckIncludeFiles.c.o
[2/2] Linking C executable cmTC_b7fbd


Determining if files pwd.h exist passed with the following output:
Change Dir: /Users/a/Documents/projects/neovim-src/build/CMakeFiles/CMakeTmp

Run Build Command:"/usr/local/bin/ninja" "cmTC_6019e"
[1/2] Building C object CMakeFiles/cmTC_6019e.dir/CheckIncludeFiles.c.o
[2/2] Linking C executable cmTC_6019e


Determining if files strings.h exist passed with the following output:
Change Dir: /Users/a/Documents/projects/neovim-src/build/CMakeFiles/CMakeTmp

Run Build Command:"/usr/local/bin/ninja" "cmTC_7956f"
[1/2] Building C object CMakeFiles/cmTC_7956f.dir/CheckIncludeFiles.c.o
[2/2] Linking C executable cmTC_7956f


Determining if files sys/wait.h exist passed with the following output:
Change Dir: /Users/a/Documents/projects/neovim-src/build/CMakeFiles/CMakeTmp

Run Build Command:"/usr/local/bin/ninja" "cmTC_e217c"
[1/2] Building C object CMakeFiles/cmTC_e217c.dir/CheckIncludeFiles.c.o
[2/2] Linking C executable cmTC_e217c


Determining if files sys/utsname.h exist passed with the following output:
Change Dir: /Users/a/Documents/projects/neovim-src/build/CMakeFiles/CMakeTmp

Run Build Command:"/usr/local/bin/ninja" "cmTC_ca5df"
[1/2] Building C object CMakeFiles/cmTC_ca5df.dir/CheckIncludeFiles.c.o
[2/2] Linking C executable cmTC_ca5df


Determining if files termios.h exist passed with the following output:
Change Dir: /Users/a/Documents/projects/neovim-src/build/CMakeFiles/CMakeTmp

Run Build Command:"/usr/local/bin/ninja" "cmTC_e664f"
[1/2] Building C object CMakeFiles/cmTC_e664f.dir/CheckIncludeFiles.c.o
[2/2] Linking C executable cmTC_e664f


Determining if files utime.h exist passed with the following output:
Change Dir: /Users/a/Documents/projects/neovim-src/build/CMakeFiles/CMakeTmp

Run Build Command:"/usr/local/bin/ninja" "cmTC_36ed5"
[1/2] Building C object CMakeFiles/cmTC_36ed5.dir/CheckIncludeFiles.c.o
[2/2] Linking C executable cmTC_36ed5


Determining if files sys/uio.h exist passed with the following output:
Change Dir: /Users/a/Documents/projects/neovim-src/build/CMakeFiles/CMakeTmp

Run Build Command:"/usr/local/bin/ninja" "cmTC_23b0f"
[1/2] Building C object CMakeFiles/cmTC_23b0f.dir/CheckIncludeFiles.c.o
[2/2] Linking C executable cmTC_23b0f


Determining if the function fseeko exists passed with the following output:
Change Dir: /Users/a/Documents/projects/neovim-src/build/CMakeFiles/CMakeTmp

Run Build Command:"/usr/local/bin/ninja" "cmTC_2c9f0"
[1/2] Building C object CMakeFiles/cmTC_2c9f0.dir/CheckFunctionExists.c.o
[2/2] Linking C executable cmTC_2c9f0


Determining if the function getpwent exists passed with the following output:
Change Dir: /Users/a/Documents/projects/neovim-src/build/CMakeFiles/CMakeTmp

Run Build Command:"/usr/local/bin/ninja" "cmTC_c60b2"
[1/2] Building C object CMakeFiles/cmTC_c60b2.dir/CheckFunctionExists.c.o
[2/2] Linking C executable cmTC_c60b2


Determining if the function getpwnam exists passed with the following output:
Change Dir: /Users/a/Documents/projects/neovim-src/build/CMakeFiles/CMakeTmp

Run Build Command:"/usr/local/bin/ninja" "cmTC_d4660"
[1/2] Building C object CMakeFiles/cmTC_d4660.dir/CheckFunctionExists.c.o
[2/2] Linking C executable cmTC_d4660


Determining if the function getpwuid exists passed with the following output:
Change Dir: /Users/a/Documents/projects/neovim-src/build/CMakeFiles/CMakeTmp

Run Build Command:"/usr/local/bin/ninja" "cmTC_951b6"
[1/2] Building C object CMakeFiles/cmTC_951b6.dir/CheckFunctionExists.c.o
[2/2] Linking C executable cmTC_951b6


Determining if the function readv exists passed with the following output:
Change Dir: /Users/a/Documents/projects/neovim-src/build/CMakeFiles/CMakeTmp

Run Build Command:"/usr/local/bin/ninja" "cmTC_fbdac"
[1/2] Building C object CMakeFiles/cmTC_fbdac.dir/CheckFunctionExists.c.o
[2/2] Linking C executable cmTC_fbdac


Determining if the function opendir exists passed with the following output:
Change Dir: /Users/a/Documents/projects/neovim-src/build/CMakeFiles/CMakeTmp

Run Build Command:"/usr/local/bin/ninja" "cmTC_de3e5"
[1/2] Building C object CMakeFiles/cmTC_de3e5.dir/CheckFunctionExists.c.o
[2/2] Linking C executable cmTC_de3e5


Determining if the function readlink exists passed with the following output:
Change Dir: /Users/a/Documents/projects/neovim-src/build/CMakeFiles/CMakeTmp

Run Build Command:"/usr/local/bin/ninja" "cmTC_1e99e"
[1/2] Building C object CMakeFiles/cmTC_1e99e.dir/CheckFunctionExists.c.o
[2/2] Linking C executable cmTC_1e99e


Determining if the function setenv exists passed with the following output:
Change Dir: /Users/a/Documents/projects/neovim-src/build/CMakeFiles/CMakeTmp

Run Build Command:"/usr/local/bin/ninja" "cmTC_acfef"
[1/2] Building C object CMakeFiles/cmTC_acfef.dir/CheckFunctionExists.c.o
[2/2] Linking C executable cmTC_acfef


Determining if the function unsetenv exists passed with the following output:
Change Dir: /Users/a/Documents/projects/neovim-src/build/CMakeFiles/CMakeTmp

Run Build Command:"/usr/local/bin/ninja" "cmTC_494f9"
[1/2] Building C object CMakeFiles/cmTC_494f9.dir/CheckFunctionExists.c.o
[2/2] Linking C executable cmTC_494f9


Determining if the function setpgid exists passed with the following output:
Change Dir: /Users/a/Documents/projects/neovim-src/build/CMakeFiles/CMakeTmp

Run Build Command:"/usr/local/bin/ninja" "cmTC_02d47"
[1/2] Building C object CMakeFiles/cmTC_02d47.dir/CheckFunctionExists.c.o
[2/2] Linking C executable cmTC_02d47


Determining if the function setsid exists passed with the following output:
Change Dir: /Users/a/Documents/projects/neovim-src/build/CMakeFiles/CMakeTmp

Run Build Command:"/usr/local/bin/ninja" "cmTC_20ee6"
[1/2] Building C object CMakeFiles/cmTC_20ee6.dir/CheckFunctionExists.c.o
[2/2] Linking C executable cmTC_20ee6


Determining if the function sigaction exists passed with the following output:
Change Dir: /Users/a/Documents/projects/neovim-src/build/CMakeFiles/CMakeTmp

Run Build Command:"/usr/local/bin/ninja" "cmTC_784d7"
[1/2] Building C object CMakeFiles/cmTC_784d7.dir/CheckFunctionExists.c.o
[2/2] Linking C executable cmTC_784d7


Determining if the function strcasecmp exists passed with the following output:
Change Dir: /Users/a/Documents/projects/neovim-src/build/CMakeFiles/CMakeTmp

Run Build Command:"/usr/local/bin/ninja" "cmTC_cf0f0"
[1/2] Building C object CMakeFiles/cmTC_cf0f0.dir/CheckFunctionExists.c.o
/usr/local/Cellar/cmake/3.10.0/share/cmake/Modules/CheckFunctionExists.c:7:3: warning: incompatible redeclaration of library function 'strcasecmp' [-Wincompatible-library-redeclaration]
  CHECK_FUNCTION_EXISTS(void);
  ^
<command line>:5:31: note: expanded from here
#define CHECK_FUNCTION_EXISTS strcasecmp
                              ^
/usr/local/Cellar/cmake/3.10.0/share/cmake/Modules/CheckFunctionExists.c:7:3: note: 'strcasecmp' is a builtin with type 'int (const char *, const char *)'
<command line>:5:31: note: expanded from here
#define CHECK_FUNCTION_EXISTS strcasecmp
                              ^
1 warning generated.
[2/2] Linking C executable cmTC_cf0f0


Determining if the function strncasecmp exists passed with the following output:
Change Dir: /Users/a/Documents/projects/neovim-src/build/CMakeFiles/CMakeTmp

Run Build Command:"/usr/local/bin/ninja" "cmTC_f623b"
[1/2] Building C object CMakeFiles/cmTC_f623b.dir/CheckFunctionExists.c.o
/usr/local/Cellar/cmake/3.10.0/share/cmake/Modules/CheckFunctionExists.c:7:3: warning: incompatible redeclaration of library function 'strncasecmp' [-Wincompatible-library-redeclaration]
  CHECK_FUNCTION_EXISTS(void);
  ^
<command line>:5:31: note: expanded from here
#define CHECK_FUNCTION_EXISTS strncasecmp
                              ^
/usr/local/Cellar/cmake/3.10.0/share/cmake/Modules/CheckFunctionExists.c:7:3: note: 'strncasecmp' is a builtin with type 'int (const char *, const char *, unsigned long)'
<command line>:5:31: note: expanded from here
#define CHECK_FUNCTION_EXISTS strncasecmp
                              ^
1 warning generated.
[2/2] Linking C executable cmTC_f623b


Determining if the function utime exists passed with the following output:
Change Dir: /Users/a/Documents/projects/neovim-src/build/CMakeFiles/CMakeTmp

Run Build Command:"/usr/local/bin/ninja" "cmTC_671f9"
[1/2] Building C object CMakeFiles/cmTC_671f9.dir/CheckFunctionExists.c.o
[2/2] Linking C executable cmTC_671f9


Determining if the function utimes exists passed with the following output:
Change Dir: /Users/a/Documents/projects/neovim-src/build/CMakeFiles/CMakeTmp

Run Build Command:"/usr/local/bin/ninja" "cmTC_e3c60"
[1/2] Building C object CMakeFiles/cmTC_e3c60.dir/CheckFunctionExists.c.o
[2/2] Linking C executable cmTC_e3c60


Determining if the FD_CLOEXEC exist passed with the following output:
Change Dir: /Users/a/Documents/projects/neovim-src/build/CMakeFiles/CMakeTmp

Run Build Command:"/usr/local/bin/ninja" "cmTC_d324b"
[1/2] Building C object CMakeFiles/cmTC_d324b.dir/CheckSymbolExists.c.o
[2/2] Linking C executable cmTC_d324b

File /Users/a/Documents/projects/neovim-src/build/CMakeFiles/CMakeTmp/CheckSymbolExists.c:
/* */
#include <fcntl.h>

int main(int argc, char** argv)
{
  (void)argv;
#ifndef FD_CLOEXEC
  return ((int*)(&FD_CLOEXEC))[argc];
#else
  (void)argc;
  return 0;
#endif
}

Determining if the CODESET exist passed with the following output:
Change Dir: /Users/a/Documents/projects/neovim-src/build/CMakeFiles/CMakeTmp

Run Build Command:"/usr/local/bin/ninja" "cmTC_2356b"
[1/2] Building C object CMakeFiles/cmTC_2356b.dir/CheckSymbolExists.c.o
[2/2] Linking C executable cmTC_2356b

File /Users/a/Documents/projects/neovim-src/build/CMakeFiles/CMakeTmp/CheckSymbolExists.c:
/* */
#include <langinfo.h>

int main(int argc, char** argv)
{
  (void)argv;
#ifndef CODESET
  return ((int*)(&CODESET))[argc];
#else
  (void)argc;
  return 0;
#endif
}

